[0m14:44:18.018024 [debug] [MainThread]: Sending event: {'category': 'dbt', 'action': 'invocation', 'label': 'start', 'context': [<snowplow_tracker.self_describing_json.SelfDescribingJson object at 0x000001E12CFAC430>, <snowplow_tracker.self_describing_json.SelfDescribingJson object at 0x000001E12FCF49D0>, <snowplow_tracker.self_describing_json.SelfDescribingJson object at 0x000001E12FCF4790>]}


============================== 14:44:18.028625 | 68237abf-47a1-4e3d-9752-4900d0e10dd0 ==============================
[0m14:44:18.028625 [info ] [MainThread]: Running with dbt=1.7.2
[0m14:44:18.028625 [debug] [MainThread]: running dbt with arguments {'printer_width': '80', 'indirect_selection': 'eager', 'write_json': 'True', 'log_cache_events': 'False', 'partial_parse': 'True', 'cache_selected_only': 'False', 'profiles_dir': 'C:\\Users\\vijay\\.dbt', 'fail_fast': 'False', 'version_check': 'True', 'log_path': 'logs', 'warn_error': 'None', 'debug': 'False', 'use_colors': 'True', 'use_experimental_parser': 'False', 'no_print': 'None', 'quiet': 'False', 'log_format': 'default', 'introspect': 'True', 'invocation_command': 'dbt init demo-dbt', 'static_parser': 'True', 'target_path': 'None', 'warn_error_options': 'WarnErrorOptions(include=[], exclude=[])', 'send_anonymous_usage_stats': 'True'}
[0m14:44:18.028625 [warn ] [MainThread]: [ConfigFolderDirectory]: Unable to parse dict {'dir': WindowsPath('C:/Users/vijay/.dbt')}
[0m14:44:18.028625 [info ] [MainThread]: Creating dbt configuration folder at 
[0m14:45:31.862365 [debug] [MainThread]: Starter project path: C:\Python\dbt-env\lib\site-packages\dbt\include\starter_project
[0m14:45:31.923685 [info ] [MainThread]: 
Your new dbt project "demo_dbt" was created!

For more information on how to configure the profiles.yml file,
please consult the dbt documentation here:

  https://docs.getdbt.com/docs/configure-your-profile

One more thing:

Need help? Don't hesitate to reach out to us via GitHub issues or on Slack:

  https://community.getdbt.com/

Happy modeling!

[0m14:45:31.923685 [info ] [MainThread]: Setting up your profile.
[0m14:46:42.803066 [info ] [MainThread]: Profile demo_dbt written to C:\Users\vijay\.dbt\profiles.yml using target's profile_template.yml and your supplied values. Run 'dbt debug' to validate the connection.
[0m14:46:42.804086 [debug] [MainThread]: Command `dbt init` succeeded at 14:46:42.804086 after 144.80 seconds
[0m14:46:42.805353 [debug] [MainThread]: Sending event: {'category': 'dbt', 'action': 'invocation', 'label': 'end', 'context': [<snowplow_tracker.self_describing_json.SelfDescribingJson object at 0x000001E12CFAC430>, <snowplow_tracker.self_describing_json.SelfDescribingJson object at 0x000001E1308EFDC0>, <snowplow_tracker.self_describing_json.SelfDescribingJson object at 0x000001E1308EFD90>]}
[0m14:46:42.805353 [debug] [MainThread]: Flushing usage events
